<?xml version="1.0" encoding="UTF-8"?>
<testng-results ignored="0" total="1" passed="1" failed="0" skipped="0">
  <reporter-output>
    <line>
      <![CDATA[database connected]]>
    </line>
    <line>
      <![CDATA[logged successfully]]>
    </line>
    <line>
      <![CDATA[logged out successfully]]>
    </line>
    <line>
      <![CDATA[browser close successfilly]]>
    </line>
    <line>
      <![CDATA[database discinnected]]>
    </line>
  </reporter-output>
  <suite started-at="2023-10-25T14:53:59 IST" name="Default suite" finished-at="2023-10-25T14:54:34 IST" duration-ms="34835">
    <groups>
    </groups>
    <test started-at="2023-10-25T14:53:59 IST" name="Default test" finished-at="2023-10-25T14:54:34 IST" duration-ms="34835">
      <class name="Com.Actitime1.TestScript.CreateCustomer">
        <test-method is-config="true" signature="databaseconection()[pri:0, instance:Com.Actitime1.TestScript.CreateCustomer@2de56eb2]" started-at="2023-10-25T14:53:59 IST" name="databaseconection" finished-at="2023-10-25T14:53:59 IST" duration-ms="11" status="PASS">
          <reporter-output>
            <line>
              <![CDATA[database connected]]>
            </line>
          </reporter-output>
        </test-method> <!-- databaseconection -->
        <test-method is-config="true" signature="launchBrowser()[pri:0, instance:Com.Actitime1.TestScript.CreateCustomer@2de56eb2]" started-at="2023-10-25T14:53:59 IST" name="launchBrowser" finished-at="2023-10-25T14:54:19 IST" duration-ms="19803" status="PASS">
          <reporter-output>
          </reporter-output>
        </test-method> <!-- launchBrowser -->
        <test-method is-config="true" signature="login()[pri:0, instance:Com.Actitime1.TestScript.CreateCustomer@2de56eb2]" started-at="2023-10-25T14:54:19 IST" name="login" finished-at="2023-10-25T14:54:20 IST" duration-ms="402" status="PASS">
          <reporter-output>
            <line>
              <![CDATA[logged successfully]]>
            </line>
          </reporter-output>
        </test-method> <!-- login -->
        <test-method signature="CreateCust()[pri:0, instance:Com.Actitime1.TestScript.CreateCustomer@2de56eb2]" started-at="2023-10-25T14:54:20 IST" name="CreateCust" finished-at="2023-10-25T14:54:31 IST" duration-ms="11350" status="PASS">
          <reporter-output>
          </reporter-output>
        </test-method> <!-- CreateCust -->
        <test-method is-config="true" signature="logout()[pri:0, instance:Com.Actitime1.TestScript.CreateCustomer@2de56eb2]" started-at="2023-10-25T14:54:31 IST" name="logout" finished-at="2023-10-25T14:54:34 IST" duration-ms="3021" status="PASS">
          <reporter-output>
            <line>
              <![CDATA[logged out successfully]]>
            </line>
          </reporter-output>
        </test-method> <!-- logout -->
        <test-method is-config="true" signature="closeBrowser()[pri:0, instance:Com.Actitime1.TestScript.CreateCustomer@2de56eb2]" started-at="2023-10-25T14:54:34 IST" name="closeBrowser" finished-at="2023-10-25T14:54:34 IST" duration-ms="209" status="PASS">
          <reporter-output>
            <line>
              <![CDATA[browser close successfilly]]>
            </line>
          </reporter-output>
        </test-method> <!-- closeBrowser -->
        <test-method is-config="true" signature="databasedisconnected()[pri:0, instance:Com.Actitime1.TestScript.CreateCustomer@2de56eb2]" started-at="2023-10-25T14:54:34 IST" name="databasedisconnected" finished-at="2023-10-25T14:54:34 IST" duration-ms="4" status="PASS">
          <reporter-output>
            <line>
              <![CDATA[database discinnected]]>
            </line>
          </reporter-output>
        </test-method> <!-- databasedisconnected -->
      </class> <!-- Com.Actitime1.TestScript.CreateCustomer -->
    </test> <!-- Default test -->
  </suite> <!-- Default suite -->
</testng-results>
